d:\[development]\nowproject\gamefunc_2dseadefense02\debug\vc141.pdb
d:\[development]\nowproject\gamefunc_2dseadefense02\debug\vc141.idb
d:\[development]\nowproject\gamefunc_2dseadefense02\debug\map02.obj
d:\[development]\nowproject\gamefunc_2dseadefense02\debug\ingame.obj
d:\[development]\nowproject\gamefunc_2dseadefense02\debug\objectmanager.obj
d:\[development]\nowproject\gamefunc_2dseadefense02\debug\lbullet.obj
d:\[development]\nowproject\gamefunc_2dseadefense02\debug\pickcannon.obj
d:\[development]\nowproject\gamefunc_2dseadefense02\debug\ingamemanager.obj
d:\[development]\nowproject\gamefunc_2dseadefense02\debug\tile.obj
d:\[development]\nowproject\gamefunc_2dseadefense02\debug\cannon02.obj
d:\[development]\nowproject\gamefunc_2dseadefense02\debug\cannon01.obj
d:\[development]\nowproject\gamefunc_2dseadefense02\debug\cannon.obj
d:\[development]\nowproject\gamefunc_2dseadefense02\debug\gamefunc_2dseadefense02.obj
d:\[development]\nowproject\gamefunc_2dseadefense02\debug\func.obj
d:\[development]\nowproject\gamefunc_2dseadefense02\debug\effect.obj
d:\[development]\nowproject\gamefunc_2dseadefense02\debug\sdkmisc.obj
d:\[development]\nowproject\gamefunc_2dseadefense02\debug\sdkmesh.obj
d:\[development]\nowproject\gamefunc_2dseadefense02\debug\dxutsettingsdlg.obj
d:\[development]\nowproject\gamefunc_2dseadefense02\debug\dxutres.obj
d:\[development]\nowproject\gamefunc_2dseadefense02\debug\dxutgui.obj
d:\[development]\nowproject\gamefunc_2dseadefense02\debug\dxutcamera.obj
d:\[development]\nowproject\gamefunc_2dseadefense02\debug\dxutmisc.obj
d:\[development]\nowproject\gamefunc_2dseadefense02\debug\dxutenum.obj
d:\[development]\nowproject\gamefunc_2dseadefense02\debug\component.obj
d:\[development]\nowproject\gamefunc_2dseadefense02\debug\collider.obj
d:\[development]\nowproject\gamefunc_2dseadefense02\debug\clambullet.obj
d:\[development]\nowproject\gamefunc_2dseadefense02\debug\cameramanager.obj
d:\[development]\nowproject\gamefunc_2dseadefense02\debug\button.obj
d:\[development]\nowproject\gamefunc_2dseadefense02\debug\animater.obj
d:\[development]\nowproject\gamefunc_2dseadefense02\debug\cbullet.obj
d:\[development]\nowproject\gamefunc_2dseadefense02\debug\scenemanager.obj
d:\[development]\nowproject\gamefunc_2dseadefense02\debug\scene.obj
d:\[development]\nowproject\gamefunc_2dseadefense02\debug\renderer.obj
d:\[development]\nowproject\gamefunc_2dseadefense02\debug\monster.obj
d:\[development]\nowproject\gamefunc_2dseadefense02\debug\map03.obj
d:\[development]\nowproject\gamefunc_2dseadefense02\debug\map01.obj
d:\[development]\nowproject\gamefunc_2dseadefense02\debug\map.obj
d:\[development]\nowproject\gamefunc_2dseadefense02\debug\maingame.obj
d:\[development]\nowproject\gamefunc_2dseadefense02\debug\loadscene.obj
d:\[development]\nowproject\gamefunc_2dseadefense02\debug\inputmanager.obj
d:\[development]\nowproject\gamefunc_2dseadefense02\debug\imagemanager.obj
d:\[development]\nowproject\gamefunc_2dseadefense02\debug\gameobject.obj
d:\[development]\nowproject\gamefunc_2dseadefense02\debug\transform.obj
d:\[development]\nowproject\gamefunc_2dseadefense02\debug\cannon03.obj
d:\[development]\nowproject\gamefunc_2dseadefense02\debug\hac.obj
d:\[development]\nowproject\gamefunc_2dseadefense02\debug\boss.obj
d:\[development]\nowproject\gamefunc_2dseadefense02\debug\gamefunc_2dseadefense02.pch
d:\[development]\nowproject\gamefunc_2dseadefense02\debug\dxut.obj
d:\[development]\nowproject\gamefunc_2dseadefense02\debug\gamefunc_2dseadefense02.exe
d:\[development]\nowproject\gamefunc_2dseadefense02\debug\gamefunc_2dseadefense02.ilk
d:\[development]\nowproject\gamefunc_2dseadefense02\debug\gamefunc_2dseadefense02.pdb
d:\[development]\nowproject\gamefunc_2dseadefense02\debug\gamefunc_2dseadefense02.res
d:\[development]\nowproject\gamefunc_2dseadefense02\debug\nativecodeanalysis.read.1.tlog
d:\[development]\nowproject\gamefunc_2dseadefense02\debug\animater.nativecodeanalysis.xml
d:\[development]\nowproject\gamefunc_2dseadefense02\debug\button.nativecodeanalysis.xml
d:\[development]\nowproject\gamefunc_2dseadefense02\debug\cameramanager.nativecodeanalysis.xml
d:\[development]\nowproject\gamefunc_2dseadefense02\debug\cannon.nativecodeanalysis.xml
d:\[development]\nowproject\gamefunc_2dseadefense02\debug\cannon01.nativecodeanalysis.xml
d:\[development]\nowproject\gamefunc_2dseadefense02\debug\cannon02.nativecodeanalysis.xml
d:\[development]\nowproject\gamefunc_2dseadefense02\debug\cbullet.nativecodeanalysis.xml
d:\[development]\nowproject\gamefunc_2dseadefense02\debug\clambullet.nativecodeanalysis.xml
d:\[development]\nowproject\gamefunc_2dseadefense02\debug\collider.nativecodeanalysis.xml
d:\[development]\nowproject\gamefunc_2dseadefense02\debug\component.nativecodeanalysis.xml
d:\[development]\nowproject\gamefunc_2dseadefense02\debug\dxut.nativecodeanalysis.xml
d:\[development]\nowproject\gamefunc_2dseadefense02\debug\dxutcamera.nativecodeanalysis.xml
d:\[development]\nowproject\gamefunc_2dseadefense02\debug\dxutenum.nativecodeanalysis.xml
d:\[development]\nowproject\gamefunc_2dseadefense02\debug\dxutgui.nativecodeanalysis.xml
d:\[development]\nowproject\gamefunc_2dseadefense02\debug\dxutmisc.nativecodeanalysis.xml
d:\[development]\nowproject\gamefunc_2dseadefense02\debug\dxutres.nativecodeanalysis.xml
d:\[development]\nowproject\gamefunc_2dseadefense02\debug\dxutsettingsdlg.nativecodeanalysis.xml
d:\[development]\nowproject\gamefunc_2dseadefense02\debug\effect.nativecodeanalysis.xml
d:\[development]\nowproject\gamefunc_2dseadefense02\debug\func.nativecodeanalysis.xml
d:\[development]\nowproject\gamefunc_2dseadefense02\debug\gamefunc_2dseadefense02.nativecodeanalysis.xml
d:\[development]\nowproject\gamefunc_2dseadefense02\debug\gameobject.nativecodeanalysis.xml
d:\[development]\nowproject\gamefunc_2dseadefense02\debug\imagemanager.nativecodeanalysis.xml
d:\[development]\nowproject\gamefunc_2dseadefense02\debug\ingame.nativecodeanalysis.xml
d:\[development]\nowproject\gamefunc_2dseadefense02\debug\ingamemanager.nativecodeanalysis.xml
d:\[development]\nowproject\gamefunc_2dseadefense02\debug\inputmanager.nativecodeanalysis.xml
d:\[development]\nowproject\gamefunc_2dseadefense02\debug\lbullet.nativecodeanalysis.xml
d:\[development]\nowproject\gamefunc_2dseadefense02\debug\loadscene.nativecodeanalysis.xml
d:\[development]\nowproject\gamefunc_2dseadefense02\debug\maingame.nativecodeanalysis.xml
d:\[development]\nowproject\gamefunc_2dseadefense02\debug\map.nativecodeanalysis.xml
d:\[development]\nowproject\gamefunc_2dseadefense02\debug\map01.nativecodeanalysis.xml
d:\[development]\nowproject\gamefunc_2dseadefense02\debug\map02.nativecodeanalysis.xml
d:\[development]\nowproject\gamefunc_2dseadefense02\debug\map03.nativecodeanalysis.xml
d:\[development]\nowproject\gamefunc_2dseadefense02\debug\monster.nativecodeanalysis.xml
d:\[development]\nowproject\gamefunc_2dseadefense02\debug\objectmanager.nativecodeanalysis.xml
d:\[development]\nowproject\gamefunc_2dseadefense02\debug\pickcannon.nativecodeanalysis.xml
d:\[development]\nowproject\gamefunc_2dseadefense02\debug\renderer.nativecodeanalysis.xml
d:\[development]\nowproject\gamefunc_2dseadefense02\debug\scene.nativecodeanalysis.xml
d:\[development]\nowproject\gamefunc_2dseadefense02\debug\scenemanager.nativecodeanalysis.xml
d:\[development]\nowproject\gamefunc_2dseadefense02\debug\sdkmesh.nativecodeanalysis.xml
d:\[development]\nowproject\gamefunc_2dseadefense02\debug\sdkmisc.nativecodeanalysis.xml
d:\[development]\nowproject\gamefunc_2dseadefense02\debug\tile.nativecodeanalysis.xml
d:\[development]\nowproject\gamefunc_2dseadefense02\debug\transform.nativecodeanalysis.xml
d:\[development]\nowproject\gamefunc_2dseadefense02\debug\vc.nativecodeanalysis.all.xml
d:\[development]\nowproject\gamefunc_2dseadefense02\debug\gamefunc_2dseadefense02.exe.lastcodeanalysissucceeded
d:\[development]\nowproject\gamefunc_2dseadefense02\debug\gamefunc.d3d09108.tlog\cl.command.1.tlog
d:\[development]\nowproject\gamefunc_2dseadefense02\debug\gamefunc.d3d09108.tlog\cl.read.1.tlog
d:\[development]\nowproject\gamefunc_2dseadefense02\debug\gamefunc.d3d09108.tlog\cl.write.1.tlog
d:\[development]\nowproject\gamefunc_2dseadefense02\debug\gamefunc.d3d09108.tlog\link.command.1.tlog
d:\[development]\nowproject\gamefunc_2dseadefense02\debug\gamefunc.d3d09108.tlog\link.read.1.tlog
d:\[development]\nowproject\gamefunc_2dseadefense02\debug\gamefunc.d3d09108.tlog\link.write.1.tlog
d:\[development]\nowproject\gamefunc_2dseadefense02\debug\gamefunc.d3d09108.tlog\rc.command.1.tlog
d:\[development]\nowproject\gamefunc_2dseadefense02\debug\gamefunc.d3d09108.tlog\rc.read.1.tlog
d:\[development]\nowproject\gamefunc_2dseadefense02\debug\gamefunc.d3d09108.tlog\rc.write.1.tlog
