  DXUT.cpp
c:\program files (x86)\microsoft directx sdk (june 2010)\include\dxgitype.h(12): warning C4005: 'DXGI_STATUS_OCCLUDED': 매크로 재정의
  c:\program files (x86)\windows kits\10\include\10.0.17134.0\shared\winerror.h(54723): note: 'DXGI_STATUS_OCCLUDED'의 이전 정의를 참조하십시오.
c:\program files (x86)\microsoft directx sdk (june 2010)\include\dxgitype.h(13): warning C4005: 'DXGI_STATUS_CLIPPED': 매크로 재정의
  c:\program files (x86)\windows kits\10\include\10.0.17134.0\shared\winerror.h(54732): note: 'DXGI_STATUS_CLIPPED'의 이전 정의를 참조하십시오.
c:\program files (x86)\microsoft directx sdk (june 2010)\include\dxgitype.h(14): warning C4005: 'DXGI_STATUS_NO_REDIRECTION': 매크로 재정의
  c:\program files (x86)\windows kits\10\include\10.0.17134.0\shared\winerror.h(54741): note: 'DXGI_STATUS_NO_REDIRECTION'의 이전 정의를 참조하십시오.
c:\program files (x86)\microsoft directx sdk (june 2010)\include\dxgitype.h(15): warning C4005: 'DXGI_STATUS_NO_DESKTOP_ACCESS': 매크로 재정의
  c:\program files (x86)\windows kits\10\include\10.0.17134.0\shared\winerror.h(54750): note: 'DXGI_STATUS_NO_DESKTOP_ACCESS'의 이전 정의를 참조하십시오.
c:\program files (x86)\microsoft directx sdk (june 2010)\include\dxgitype.h(16): warning C4005: 'DXGI_STATUS_GRAPHICS_VIDPN_SOURCE_IN_USE': 매크로 재정의
  c:\program files (x86)\windows kits\10\include\10.0.17134.0\shared\winerror.h(54759): note: 'DXGI_STATUS_GRAPHICS_VIDPN_SOURCE_IN_USE'의 이전 정의를 참조하십시오.
c:\program files (x86)\microsoft directx sdk (june 2010)\include\dxgitype.h(17): warning C4005: 'DXGI_STATUS_MODE_CHANGED': 매크로 재정의
  c:\program files (x86)\windows kits\10\include\10.0.17134.0\shared\winerror.h(54768): note: 'DXGI_STATUS_MODE_CHANGED'의 이전 정의를 참조하십시오.
c:\program files (x86)\microsoft directx sdk (june 2010)\include\dxgitype.h(18): warning C4005: 'DXGI_STATUS_MODE_CHANGE_IN_PROGRESS': 매크로 재정의
  c:\program files (x86)\windows kits\10\include\10.0.17134.0\shared\winerror.h(54777): note: 'DXGI_STATUS_MODE_CHANGE_IN_PROGRESS'의 이전 정의를 참조하십시오.
c:\program files (x86)\microsoft directx sdk (june 2010)\include\dxgitype.h(21): warning C4005: 'DXGI_ERROR_INVALID_CALL': 매크로 재정의
  c:\program files (x86)\windows kits\10\include\10.0.17134.0\shared\winerror.h(54792): note: 'DXGI_ERROR_INVALID_CALL'의 이전 정의를 참조하십시오.
c:\program files (x86)\microsoft directx sdk (june 2010)\include\dxgitype.h(22): warning C4005: 'DXGI_ERROR_NOT_FOUND': 매크로 재정의
  c:\program files (x86)\windows kits\10\include\10.0.17134.0\shared\winerror.h(54801): note: 'DXGI_ERROR_NOT_FOUND'의 이전 정의를 참조하십시오.
c:\program files (x86)\microsoft directx sdk (june 2010)\include\dxgitype.h(23): warning C4005: 'DXGI_ERROR_MORE_DATA': 매크로 재정의
  c:\program files (x86)\windows kits\10\include\10.0.17134.0\shared\winerror.h(54810): note: 'DXGI_ERROR_MORE_DATA'의 이전 정의를 참조하십시오.
c:\program files (x86)\microsoft directx sdk (june 2010)\include\dxgitype.h(24): warning C4005: 'DXGI_ERROR_UNSUPPORTED': 매크로 재정의
  c:\program files (x86)\windows kits\10\include\10.0.17134.0\shared\winerror.h(54819): note: 'DXGI_ERROR_UNSUPPORTED'의 이전 정의를 참조하십시오.
c:\program files (x86)\microsoft directx sdk (june 2010)\include\dxgitype.h(25): warning C4005: 'DXGI_ERROR_DEVICE_REMOVED': 매크로 재정의
  c:\program files (x86)\windows kits\10\include\10.0.17134.0\shared\winerror.h(54828): note: 'DXGI_ERROR_DEVICE_REMOVED'의 이전 정의를 참조하십시오.
c:\program files (x86)\microsoft directx sdk (june 2010)\include\dxgitype.h(26): warning C4005: 'DXGI_ERROR_DEVICE_HUNG': 매크로 재정의
  c:\program files (x86)\windows kits\10\include\10.0.17134.0\shared\winerror.h(54837): note: 'DXGI_ERROR_DEVICE_HUNG'의 이전 정의를 참조하십시오.
c:\program files (x86)\microsoft directx sdk (june 2010)\include\dxgitype.h(27): warning C4005: 'DXGI_ERROR_DEVICE_RESET': 매크로 재정의
  c:\program files (x86)\windows kits\10\include\10.0.17134.0\shared\winerror.h(54847): note: 'DXGI_ERROR_DEVICE_RESET'의 이전 정의를 참조하십시오.
c:\program files (x86)\microsoft directx sdk (june 2010)\include\dxgitype.h(28): warning C4005: 'DXGI_ERROR_WAS_STILL_DRAWING': 매크로 재정의
  c:\program files (x86)\windows kits\10\include\10.0.17134.0\shared\winerror.h(54856): note: 'DXGI_ERROR_WAS_STILL_DRAWING'의 이전 정의를 참조하십시오.
c:\program files (x86)\microsoft directx sdk (june 2010)\include\dxgitype.h(29): warning C4005: 'DXGI_ERROR_FRAME_STATISTICS_DISJOINT': 매크로 재정의
  c:\program files (x86)\windows kits\10\include\10.0.17134.0\shared\winerror.h(54866): note: 'DXGI_ERROR_FRAME_STATISTICS_DISJOINT'의 이전 정의를 참조하십시오.
c:\program files (x86)\microsoft directx sdk (june 2010)\include\dxgitype.h(30): warning C4005: 'DXGI_ERROR_GRAPHICS_VIDPN_SOURCE_IN_USE': 매크로 재정의
  c:\program files (x86)\windows kits\10\include\10.0.17134.0\shared\winerror.h(54875): note: 'DXGI_ERROR_GRAPHICS_VIDPN_SOURCE_IN_USE'의 이전 정의를 참조하십시오.
c:\program files (x86)\microsoft directx sdk (june 2010)\include\dxgitype.h(31): warning C4005: 'DXGI_ERROR_DRIVER_INTERNAL_ERROR': 매크로 재정의
  c:\program files (x86)\windows kits\10\include\10.0.17134.0\shared\winerror.h(54885): note: 'DXGI_ERROR_DRIVER_INTERNAL_ERROR'의 이전 정의를 참조하십시오.
c:\program files (x86)\microsoft directx sdk (june 2010)\include\dxgitype.h(32): warning C4005: 'DXGI_ERROR_NONEXCLUSIVE': 매크로 재정의
  c:\program files (x86)\windows kits\10\include\10.0.17134.0\shared\winerror.h(54894): note: 'DXGI_ERROR_NONEXCLUSIVE'의 이전 정의를 참조하십시오.
c:\program files (x86)\microsoft directx sdk (june 2010)\include\dxgitype.h(33): warning C4005: 'DXGI_ERROR_NOT_CURRENTLY_AVAILABLE': 매크로 재정의
  c:\program files (x86)\windows kits\10\include\10.0.17134.0\shared\winerror.h(54903): note: 'DXGI_ERROR_NOT_CURRENTLY_AVAILABLE'의 이전 정의를 참조하십시오.
c:\program files (x86)\microsoft directx sdk (june 2010)\include\dxgitype.h(34): warning C4005: 'DXGI_ERROR_REMOTE_CLIENT_DISCONNECTED': 매크로 재정의
  c:\program files (x86)\windows kits\10\include\10.0.17134.0\shared\winerror.h(54913): note: 'DXGI_ERROR_REMOTE_CLIENT_DISCONNECTED'의 이전 정의를 참조하십시오.
c:\program files (x86)\microsoft directx sdk (june 2010)\include\dxgitype.h(35): warning C4005: 'DXGI_ERROR_REMOTE_OUTOFMEMORY': 매크로 재정의
  c:\program files (x86)\windows kits\10\include\10.0.17134.0\shared\winerror.h(54922): note: 'DXGI_ERROR_REMOTE_OUTOFMEMORY'의 이전 정의를 참조하십시오.
c:\program files (x86)\microsoft directx sdk (june 2010)\include\d3d10.h(608): warning C4005: 'D3D10_ERROR_TOO_MANY_UNIQUE_STATE_OBJECTS': 매크로 재정의
  c:\program files (x86)\windows kits\10\include\10.0.17134.0\shared\winerror.h(55162): note: 'D3D10_ERROR_TOO_MANY_UNIQUE_STATE_OBJECTS'의 이전 정의를 참조하십시오.
c:\program files (x86)\microsoft directx sdk (june 2010)\include\d3d10.h(609): warning C4005: 'D3D10_ERROR_FILE_NOT_FOUND': 매크로 재정의
  c:\program files (x86)\windows kits\10\include\10.0.17134.0\shared\winerror.h(55171): note: 'D3D10_ERROR_FILE_NOT_FOUND'의 이전 정의를 참조하십시오.
e:\gamepm\gameskill\gamefunc_2dseadefense\2dseadefence_project\renderer.h(25): warning C4244: '인수': 'UINT'에서 'FLOAT'(으)로 변환하면서 데이터가 손실될 수 있습니다.
e:\gamepm\gameskill\gamefunc_2dseadefense\2dseadefence_project\dxut\core\dxut.cpp(696): warning C4838: 'UINT'에서 'LONG'(으)로의 변환에는 축소 변환이 필요합니다.
e:\gamepm\gameskill\gamefunc_2dseadefense\2dseadefence_project\dxut\core\dxut.cpp(697): warning C4838: 'UINT'에서 'LONG'(으)로의 변환에는 축소 변환이 필요합니다.
e:\gamepm\gameskill\gamefunc_2dseadefense\2dseadefence_project\dxut\core\dxut.cpp(4961): warning C4996: 'GetVersionExW': deprecated로 선언되었습니다.
  c:\program files (x86)\windows kits\10\include\10.0.17134.0\um\sysinfoapi.h(387): note: 'GetVersionExW' 선언을 참조하십시오.
  Animater.cpp
e:\gamepm\gameskill\gamefunc_2dseadefense\2dseadefence_project\animater.cpp(22): warning C4996: 'sprintf': This function or variable may be unsafe. Consider using sprintf_s instead. To disable deprecation, use _CRT_SECURE_NO_WARNINGS. See online help for details.
  c:\program files (x86)\windows kits\10\include\10.0.17134.0\ucrt\stdio.h(1774): note: 'sprintf' 선언을 참조하십시오.
e:\gamepm\gameskill\gamefunc_2dseadefense\2dseadefence_project\animater.cpp(25): warning C4996: 'sprintf': This function or variable may be unsafe. Consider using sprintf_s instead. To disable deprecation, use _CRT_SECURE_NO_WARNINGS. See online help for details.
  c:\program files (x86)\windows kits\10\include\10.0.17134.0\ucrt\stdio.h(1774): note: 'sprintf' 선언을 참조하십시오.
  Boss.cpp
  Bubble.cpp
e:\gamepm\gameskill\gamefunc_2dseadefense\2dseadefence_project\bubble.cpp(40): warning C4244: '=': 'int'에서 'float'(으)로 변환하면서 데이터가 손실될 수 있습니다.
e:\gamepm\gameskill\gamefunc_2dseadefense\2dseadefence_project\bubble.cpp(42): warning C4244: '인수': 'int'에서 'FLOAT'(으)로 변환하면서 데이터가 손실될 수 있습니다.
  BubbleCreater.cpp
  Button.cpp
e:\gamepm\gameskill\gamefunc_2dseadefense\2dseadefence_project\button.cpp(32): warning C4244: '=': 'const FLOAT'에서 'LONG'(으)로 변환하면서 데이터가 손실될 수 있습니다.
e:\gamepm\gameskill\gamefunc_2dseadefense\2dseadefence_project\button.cpp(33): warning C4244: '=': 'const FLOAT'에서 'LONG'(으)로 변환하면서 데이터가 손실될 수 있습니다.
e:\gamepm\gameskill\gamefunc_2dseadefense\2dseadefence_project\button.cpp(37): warning C4244: '=': 'const FLOAT'에서 'LONG'(으)로 변환하면서 데이터가 손실될 수 있습니다.
e:\gamepm\gameskill\gamefunc_2dseadefense\2dseadefence_project\button.cpp(38): warning C4244: '=': 'const FLOAT'에서 'LONG'(으)로 변환하면서 데이터가 손실될 수 있습니다.
e:\gamepm\gameskill\gamefunc_2dseadefense\2dseadefence_project\button.cpp(78): warning C4244: '인수': 'UINT'에서 'FLOAT'(으)로 변환하면서 데이터가 손실될 수 있습니다.
  CameraManager.cpp
  Cannon.cpp
e:\gamepm\gameskill\gamefunc_2dseadefense\2dseadefence_project\cannon.cpp(25): warning C4244: '=': 'float'에서 'int'(으)로 변환하면서 데이터가 손실될 수 있습니다.
  Cannon01.cpp
  Cannon02.cpp
e:\gamepm\gameskill\gamefunc_2dseadefense\2dseadefence_project\cannon02.cpp(49): warning C4244: '초기화 중': 'double'에서 'float'(으)로 변환하면서 데이터가 손실될 수 있습니다.
e:\gamepm\gameskill\gamefunc_2dseadefense\2dseadefence_project\cannon02.cpp(51): warning C4244: '초기화 중': 'float'에서 'int'(으)로 변환하면서 데이터가 손실될 수 있습니다.
e:\gamepm\gameskill\gamefunc_2dseadefense\2dseadefence_project\cannon02.cpp(55): warning C4244: '인수': 'int'에서 'FLOAT'(으)로 변환하면서 데이터가 손실될 수 있습니다.
e:\gamepm\gameskill\gamefunc_2dseadefense\2dseadefence_project\cannon02.cpp(71): warning C4244: '인수': 'int'에서 'FLOAT'(으)로 변환하면서 데이터가 손실될 수 있습니다.
  Cannon03.cpp
  ClamBullet.cpp
  Collider.cpp
e:\gamepm\gameskill\gamefunc_2dseadefense\2dseadefence_project\collider.cpp(35): warning C4244: '인수': 'FLOAT'에서 'int'(으)로 변환하면서 데이터가 손실될 수 있습니다.
e:\gamepm\gameskill\gamefunc_2dseadefense\2dseadefence_project\collider.cpp(34): warning C4244: '인수': 'FLOAT'에서 'int'(으)로 변환하면서 데이터가 손실될 수 있습니다.
e:\gamepm\gameskill\gamefunc_2dseadefense\2dseadefence_project\collider.cpp(33): warning C4244: '인수': 'FLOAT'에서 'int'(으)로 변환하면서 데이터가 손실될 수 있습니다.
e:\gamepm\gameskill\gamefunc_2dseadefense\2dseadefence_project\collider.cpp(32): warning C4244: '인수': 'FLOAT'에서 'int'(으)로 변환하면서 데이터가 손실될 수 있습니다.
e:\gamepm\gameskill\gamefunc_2dseadefense\2dseadefence_project\collider.cpp(43): warning C4244: '인수': 'FLOAT'에서 'int'(으)로 변환하면서 데이터가 손실될 수 있습니다.
e:\gamepm\gameskill\gamefunc_2dseadefense\2dseadefence_project\collider.cpp(42): warning C4244: '인수': 'FLOAT'에서 'int'(으)로 변환하면서 데이터가 손실될 수 있습니다.
e:\gamepm\gameskill\gamefunc_2dseadefense\2dseadefence_project\collider.cpp(41): warning C4244: '인수': 'FLOAT'에서 'int'(으)로 변환하면서 데이터가 손실될 수 있습니다.
e:\gamepm\gameskill\gamefunc_2dseadefense\2dseadefence_project\collider.cpp(40): warning C4244: '인수': 'FLOAT'에서 'int'(으)로 변환하면서 데이터가 손실될 수 있습니다.
e:\gamepm\gameskill\gamefunc_2dseadefense\2dseadefence_project\collider.cpp(61): warning C4244: '인수': 'FLOAT'에서 'int'(으)로 변환하면서 데이터가 손실될 수 있습니다.
e:\gamepm\gameskill\gamefunc_2dseadefense\2dseadefence_project\collider.cpp(60): warning C4244: '인수': 'FLOAT'에서 'int'(으)로 변환하면서 데이터가 손실될 수 있습니다.
e:\gamepm\gameskill\gamefunc_2dseadefense\2dseadefence_project\collider.cpp(59): warning C4244: '인수': 'FLOAT'에서 'int'(으)로 변환하면서 데이터가 손실될 수 있습니다.
e:\gamepm\gameskill\gamefunc_2dseadefense\2dseadefence_project\collider.cpp(58): warning C4244: '인수': 'FLOAT'에서 'int'(으)로 변환하면서 데이터가 손실될 수 있습니다.
e:\gamepm\gameskill\gamefunc_2dseadefense\2dseadefence_project\collider.cpp(69): warning C4244: '인수': 'FLOAT'에서 'int'(으)로 변환하면서 데이터가 손실될 수 있습니다.
e:\gamepm\gameskill\gamefunc_2dseadefense\2dseadefence_project\collider.cpp(68): warning C4244: '인수': 'FLOAT'에서 'int'(으)로 변환하면서 데이터가 손실될 수 있습니다.
e:\gamepm\gameskill\gamefunc_2dseadefense\2dseadefence_project\collider.cpp(67): warning C4244: '인수': 'FLOAT'에서 'int'(으)로 변환하면서 데이터가 손실될 수 있습니다.
e:\gamepm\gameskill\gamefunc_2dseadefense\2dseadefence_project\collider.cpp(66): warning C4244: '인수': 'FLOAT'에서 'int'(으)로 변환하면서 데이터가 손실될 수 있습니다.
  Component.cpp
  DEFEAT.cpp
  DXUTenum.cpp
  DXUTmisc.cpp
e:\gamepm\gameskill\gamefunc_2dseadefense\2dseadefence_project\dxut\core\dxutmisc.cpp(1263): warning C4996: 'GetVersionExA': deprecated로 선언되었습니다.
  c:\program files (x86)\windows kits\10\include\10.0.17134.0\um\sysinfoapi.h(378): note: 'GetVersionExA' 선언을 참조하십시오.
  DXUTcamera.cpp
  DXUTgui.cpp
e:\gamepm\gameskill\gamefunc_2dseadefense\2dseadefence_project\dxut\optional\dxutgui.cpp(6846): warning C4458: 'iTexture' 선언은 클래스 멤버를 숨깁니다.
  e:\gamepm\gameskill\gamefunc_2dseadefense\2dseadefence_project\dxut\optional\dxutgui.h(109): note: 'CDXUTElement::iTexture' 선언을 참조하십시오.
e:\gamepm\gameskill\gamefunc_2dseadefense\2dseadefence_project\dxut\optional\dxutgui.cpp(6860): warning C4458: 'iFont' 선언은 클래스 멤버를 숨깁니다.
  e:\gamepm\gameskill\gamefunc_2dseadefense\2dseadefence_project\dxut\optional\dxutgui.h(110): note: 'CDXUTElement::iFont' 선언을 참조하십시오.
e:\gamepm\gameskill\gamefunc_2dseadefense\2dseadefence_project\dxut\optional\dxutgui.cpp(6860): warning C4458: 'dwTextFormat' 선언은 클래스 멤버를 숨깁니다.
  e:\gamepm\gameskill\gamefunc_2dseadefense\2dseadefence_project\dxut\optional\dxutgui.h(111): note: 'CDXUTElement::dwTextFormat' 선언을 참조하십시오.
  DXUTres.cpp
  DXUTsettingsdlg.cpp
  컴파일하고 있습니다...
  SDKmesh.cpp
  SDKmisc.cpp
  Effect.cpp
  Func.cpp
  GameFunc_2DSeaDefense02.cpp
  GameObject.cpp
  Hac.cpp
  HpBar.cpp
e:\gamepm\gameskill\gamefunc_2dseadefense\2dseadefence_project\hpbar.cpp(30): warning C4244: '인수': 'UINT'에서 'FLOAT'(으)로 변환하면서 데이터가 손실될 수 있습니다.
e:\gamepm\gameskill\gamefunc_2dseadefense\2dseadefence_project\hpbar.cpp(30): warning C4238: 비표준 확장이 사용됨: 클래스 rvalue를 lvalue로 사용했습니다.
e:\gamepm\gameskill\gamefunc_2dseadefense\2dseadefence_project\hpbar.cpp(37): warning C4244: '인수': 'float'에서 'int'(으)로 변환하면서 데이터가 손실될 수 있습니다.
  ImageManager.cpp
e:\gamepm\gameskill\gamefunc_2dseadefense\2dseadefence_project\imagemanager.cpp(45): warning C4996: 'sprintf': This function or variable may be unsafe. Consider using sprintf_s instead. To disable deprecation, use _CRT_SECURE_NO_WARNINGS. See online help for details.
  c:\program files (x86)\windows kits\10\include\10.0.17134.0\ucrt\stdio.h(1774): note: 'sprintf' 선언을 참조하십시오.
e:\gamepm\gameskill\gamefunc_2dseadefense\2dseadefence_project\imagemanager.cpp(48): warning C4996: 'sprintf': This function or variable may be unsafe. Consider using sprintf_s instead. To disable deprecation, use _CRT_SECURE_NO_WARNINGS. See online help for details.
  c:\program files (x86)\windows kits\10\include\10.0.17134.0\ucrt\stdio.h(1774): note: 'sprintf' 선언을 참조하십시오.
  Ingame.cpp
  IngameManager.cpp
  InputManager.cpp
  LBullet.cpp
  LoadScene.cpp
  LoadingScreen.cpp
  MBullet.cpp
  MainGame.cpp
  Map.cpp
e:\gamepm\gameskill\gamefunc_2dseadefense\2dseadefence_project\map.cpp(40): warning C4244: '인수': 'float'에서 'int'(으)로 변환하면서 데이터가 손실될 수 있습니다.
e:\gamepm\gameskill\gamefunc_2dseadefense\2dseadefence_project\map.cpp(79): warning C4244: '인수': 'int'에서 'FLOAT'(으)로 변환하면서 데이터가 손실될 수 있습니다.
e:\gamepm\gameskill\gamefunc_2dseadefense\2dseadefence_project\map.cpp(163): warning C4389: '==': signed 또는 unsigned가 일치하지 않습니다.
e:\gamepm\gameskill\gamefunc_2dseadefense\2dseadefence_project\map.cpp(216): warning C4389: '==': signed 또는 unsigned가 일치하지 않습니다.
  Map01.cpp
  Map02.cpp
e:\gamepm\gameskill\gamefunc_2dseadefense\2dseadefence_project\map02.cpp(63): warning C4244: '인수': 'int'에서 'FLOAT'(으)로 변환하면서 데이터가 손실될 수 있습니다.
e:\gamepm\gameskill\gamefunc_2dseadefense\2dseadefence_project\map02.cpp(64): warning C4244: '인수': 'int'에서 'FLOAT'(으)로 변환하면서 데이터가 손실될 수 있습니다.
  컴파일하고 있습니다...
  Map03.cpp
  Monster.cpp
e:\gamepm\gameskill\gamefunc_2dseadefense\2dseadefence_project\monster.cpp(110): warning C4389: '!=': signed 또는 unsigned가 일치하지 않습니다.
  NumUI.cpp
e:\gamepm\gameskill\gamefunc_2dseadefense\2dseadefence_project\numui.cpp(17): warning C4996: 'sprintf': This function or variable may be unsafe. Consider using sprintf_s instead. To disable deprecation, use _CRT_SECURE_NO_WARNINGS. See online help for details.
  c:\program files (x86)\windows kits\10\include\10.0.17134.0\ucrt\stdio.h(1774): note: 'sprintf' 선언을 참조하십시오.
e:\gamepm\gameskill\gamefunc_2dseadefense\2dseadefence_project\numui.cpp(18): warning C4996: 'sprintf': This function or variable may be unsafe. Consider using sprintf_s instead. To disable deprecation, use _CRT_SECURE_NO_WARNINGS. See online help for details.
  c:\program files (x86)\windows kits\10\include\10.0.17134.0\ucrt\stdio.h(1774): note: 'sprintf' 선언을 참조하십시오.
e:\gamepm\gameskill\gamefunc_2dseadefense\2dseadefence_project\numui.cpp(19): warning C4996: 'sprintf': This function or variable may be unsafe. Consider using sprintf_s instead. To disable deprecation, use _CRT_SECURE_NO_WARNINGS. See online help for details.
  c:\program files (x86)\windows kits\10\include\10.0.17134.0\ucrt\stdio.h(1774): note: 'sprintf' 선언을 참조하십시오.
e:\gamepm\gameskill\gamefunc_2dseadefense\2dseadefence_project\numui.cpp(20): warning C4996: 'sprintf': This function or variable may be unsafe. Consider using sprintf_s instead. To disable deprecation, use _CRT_SECURE_NO_WARNINGS. See online help for details.
  c:\program files (x86)\windows kits\10\include\10.0.17134.0\ucrt\stdio.h(1774): note: 'sprintf' 선언을 참조하십시오.
e:\gamepm\gameskill\gamefunc_2dseadefense\2dseadefence_project\numui.cpp(21): warning C4996: 'sprintf': This function or variable may be unsafe. Consider using sprintf_s instead. To disable deprecation, use _CRT_SECURE_NO_WARNINGS. See online help for details.
  c:\program files (x86)\windows kits\10\include\10.0.17134.0\ucrt\stdio.h(1774): note: 'sprintf' 선언을 참조하십시오.
e:\gamepm\gameskill\gamefunc_2dseadefense\2dseadefence_project\numui.cpp(29): warning C4996: 'sprintf': This function or variable may be unsafe. Consider using sprintf_s instead. To disable deprecation, use _CRT_SECURE_NO_WARNINGS. See online help for details.
  c:\program files (x86)\windows kits\10\include\10.0.17134.0\ucrt\stdio.h(1774): note: 'sprintf' 선언을 참조하십시오.
e:\gamepm\gameskill\gamefunc_2dseadefense\2dseadefence_project\numui.cpp(30): warning C4996: 'sprintf': This function or variable may be unsafe. Consider using sprintf_s instead. To disable deprecation, use _CRT_SECURE_NO_WARNINGS. See online help for details.
  c:\program files (x86)\windows kits\10\include\10.0.17134.0\ucrt\stdio.h(1774): note: 'sprintf' 선언을 참조하십시오.
e:\gamepm\gameskill\gamefunc_2dseadefense\2dseadefence_project\numui.cpp(31): warning C4996: 'sprintf': This function or variable may be unsafe. Consider using sprintf_s instead. To disable deprecation, use _CRT_SECURE_NO_WARNINGS. See online help for details.
  c:\program files (x86)\windows kits\10\include\10.0.17134.0\ucrt\stdio.h(1774): note: 'sprintf' 선언을 참조하십시오.
e:\gamepm\gameskill\gamefunc_2dseadefense\2dseadefence_project\numui.cpp(33): warning C4996: 'sprintf': This function or variable may be unsafe. Consider using sprintf_s instead. To disable deprecation, use _CRT_SECURE_NO_WARNINGS. See online help for details.
  c:\program files (x86)\windows kits\10\include\10.0.17134.0\ucrt\stdio.h(1774): note: 'sprintf' 선언을 참조하십시오.
e:\gamepm\gameskill\gamefunc_2dseadefense\2dseadefence_project\numui.cpp(36): warning C4996: 'sprintf': This function or variable may be unsafe. Consider using sprintf_s instead. To disable deprecation, use _CRT_SECURE_NO_WARNINGS. See online help for details.
  c:\program files (x86)\windows kits\10\include\10.0.17134.0\ucrt\stdio.h(1774): note: 'sprintf' 선언을 참조하십시오.
  ObjectManager.cpp
  PickCannon.cpp
e:\gamepm\gameskill\gamefunc_2dseadefense\2dseadefence_project\pickcannon.cpp(47): warning C4838: 'const FLOAT'에서 'LONG'(으)로의 변환에는 축소 변환이 필요합니다.
e:\gamepm\gameskill\gamefunc_2dseadefense\2dseadefence_project\pickcannon.cpp(47): warning C4244: '초기화 중': 'const FLOAT'에서 'LONG'(으)로 변환하면서 데이터가 손실될 수 있습니다.
  PopScreen.cpp
  Renderer.cpp
  Scene.cpp
  SceneManager.cpp
  Slow.cpp
  SoundManager.cpp
  Stop.cpp
  Tile.cpp
  Victroy.cpp
  cBullet.cpp
  transform.cpp
  코드를 생성하고 있습니다.
  7 of 3052 functions ( 0.2%) were compiled, the rest were copied from previous compilation.
    0 functions were new in current compilation
    33 functions had inline decision re-evaluated but remain unchanged
  코드를 생성했습니다.
  GameFunc_2DSeaDefense02_2010.vcxproj -> E:\GamePm\GameSkill\GameFunc_2DSeaDefense\2DSeaDefence_Project\Release\GameFunc_2DSeaDefense02.exe
